<?xml version="1.0" encoding="UTF-8"?>
<!-- Generated by org.testng.reporters.JUnitXMLReporter -->
<testsuite ignored="0" hostname="DESKTOP-6LL4OJF" failures="0" tests="6" name="Test" time="0.042" errors="0" timestamp="23 Jun 2020 17:35:11 GMT">
  <testcase classname="quickstart.AppiumTest" name="AppiumTestHomepage" time="0.01"/>
  <testcase classname="quickstart.AppiumTest" name="AppiumTestUI" time="0.001"/>
  <testcase classname="quickstart.seleniumTest" name="browserAutomation" time="0.0"/>
  <testcase classname="quickstart.seleniumTest" name="elementsUI" time="0.001"/>
  <testcase classname="quickstart.RestApiTest" name="RestapiHomepage" time="0.001"/>
  <testcase classname="quickstart.RestApiTest" name="RestapiUI" time="0.001"/>
</testsuite> <!-- Test -->
