<?xml version="1.0" encoding="UTF-8"?>
<testng-results ignored="0" total="6" passed="6" failed="0" skipped="0">
  <reporter-output>
  </reporter-output>
  <suite started-at="2020-06-23T17:35:10Z" name="Suite" finished-at="2020-06-23T17:35:11Z" duration-ms="42">
    <groups>
    </groups>
    <test started-at="2020-06-23T17:35:10Z" name="Test" finished-at="2020-06-23T17:35:11Z" duration-ms="42">
      <class name="quickstart.AppiumTest">
        <test-method signature="AppiumTestHomepage()[pri:0, instance:quickstart.AppiumTest@731f8236]" started-at="2020-06-23T23:05:11Z" name="AppiumTestHomepage" finished-at="2020-06-23T23:05:11Z" duration-ms="10" status="PASS">
          <reporter-output>
          </reporter-output>
        </test-method> <!-- AppiumTestHomepage -->
        <test-method signature="AppiumTestUI()[pri:0, instance:quickstart.AppiumTest@731f8236]" started-at="2020-06-23T23:05:11Z" name="AppiumTestUI" finished-at="2020-06-23T23:05:11Z" duration-ms="1" status="PASS">
          <reporter-output>
          </reporter-output>
        </test-method> <!-- AppiumTestUI -->
      </class> <!-- quickstart.AppiumTest -->
      <class name="quickstart.RestApiTest">
        <test-method signature="RestapiHomepage()[pri:0, instance:quickstart.RestApiTest@1b68b9a4]" started-at="2020-06-23T23:05:11Z" name="RestapiHomepage" finished-at="2020-06-23T23:05:11Z" duration-ms="1" status="PASS">
          <reporter-output>
          </reporter-output>
        </test-method> <!-- RestapiHomepage -->
        <test-method signature="RestapiUI()[pri:0, instance:quickstart.RestApiTest@1b68b9a4]" started-at="2020-06-23T23:05:11Z" name="RestapiUI" finished-at="2020-06-23T23:05:11Z" duration-ms="1" status="PASS">
          <reporter-output>
          </reporter-output>
        </test-method> <!-- RestapiUI -->
      </class> <!-- quickstart.RestApiTest -->
      <class name="quickstart.seleniumTest">
        <test-method signature="browserAutomation()[pri:0, instance:quickstart.seleniumTest@64d2d351]" started-at="2020-06-23T23:05:11Z" name="browserAutomation" finished-at="2020-06-23T23:05:11Z" duration-ms="0" status="PASS">
          <reporter-output>
          </reporter-output>
        </test-method> <!-- browserAutomation -->
        <test-method signature="elementsUI()[pri:0, instance:quickstart.seleniumTest@64d2d351]" started-at="2020-06-23T23:05:11Z" name="elementsUI" finished-at="2020-06-23T23:05:11Z" duration-ms="1" status="PASS">
          <reporter-output>
          </reporter-output>
        </test-method> <!-- elementsUI -->
      </class> <!-- quickstart.seleniumTest -->
    </test> <!-- Test -->
  </suite> <!-- Suite -->
</testng-results>
